#
# There is insufficient memory for the Java Runtime Environment to continue.
# Native memory allocation (malloc) failed to allocate 1046576 bytes for Chunk::new
# Possible reasons:
#   The system is out of physical RAM or swap space
#   In 32 bit mode, the process size limit was hit
# Possible solutions:
#   Reduce memory load on the system
#   Increase physical memory or swap space
#   Check if swap backing store is full
#   Use 64 bit Java on a 64 bit OS
#   Decrease Java heap size (-Xmx/-Xms)
#   Decrease number of Java threads
#   Decrease Java thread stack sizes (-Xss)
#   Set larger code cache with -XX:ReservedCodeCacheSize=
# This output file may be truncated or incomplete.
#
#  Out of Memory Error (allocation.cpp:390), pid=280288, tid=0x00000000000447d4
#
# JRE version: OpenJDK Runtime Environment (8.0_152-b01) (build 1.8.0_152-release-1343-b01)
# Java VM: OpenJDK 64-Bit Server VM (25.152-b01 mixed mode windows-amd64 compressed oops)
# Failed to write core dump. Minidumps are not enabled by default on client versions of Windows
#

---------------  T H R E A D  ---------------

Current thread (0x0000000016c80800):  JavaThread "C2 CompilerThread1" daemon [_thread_in_native, id=280532, stack(0x00000000183d0000,0x00000000184d0000)]

Stack: [0x00000000183d0000,0x00000000184d0000]
[error occurred during error reporting (printing stack bounds), id 0xc0000005]

Native frames: (J=compiled Java code, j=interpreted, Vv=VM code, C=native code)


Current CompileTask:
C2:  33132 2198       4       groovy.lang.MetaClassImpl$1MOPIter::methodNameAction (325 bytes)


---------------  P R O C E S S  ---------------

Java Threads: ( => current thread )
  0x0000000019b89000 JavaThread "Cache worker for file hash cache (C:\EES\PetOffers\.gradle\5.1.1\fileHashes)" [_thread_blocked, id=268304, stack(0x000000001dac0000,0x000000001dbc0000)]
  0x0000000019b87800 JavaThread "Cache worker for journal cache (C:\Users\marcio.guilherme\.gradle\caches\journal-1)" [_thread_blocked, id=280056, stack(0x000000001b720000,0x000000001b820000)]
  0x0000000018735000 JavaThread "File lock request listener" [_thread_in_native, id=280024, stack(0x000000001b620000,0x000000001b720000)]
  0x000000001977d000 JavaThread "Cache worker for file hash cache (C:\Users\marcio.guilherme\.gradle\caches\5.1.1\fileHashes)" [_thread_blocked, id=280476, stack(0x000000001b520000,0x000000001b620000)]
  0x00000000186b7000 JavaThread "Thread-8" [_thread_blocked, id=270136, stack(0x000000001b420000,0x000000001b520000)]
  0x00000000190de800 JavaThread "Stdin handler" [_thread_blocked, id=276516, stack(0x000000001b320000,0x000000001b420000)]
  0x0000000018818000 JavaThread "Asynchronous log dispatcher for DefaultDaemonConnection: socket connection from /127.0.0.1:63653 to /127.0.0.1:63654" [_thread_blocked, id=279532, stack(0x000000001b220000,0x000000001b320000)]
  0x0000000018f47800 JavaThread "Daemon worker" [_thread_in_Java, id=276164, stack(0x000000001b120000,0x000000001b220000)]
  0x0000000018d90000 JavaThread "Cancel handler" [_thread_blocked, id=267624, stack(0x000000001b020000,0x000000001b120000)]
  0x0000000018752000 JavaThread "Handler for socket connection from /127.0.0.1:63653 to /127.0.0.1:63654" [_thread_in_native, id=268300, stack(0x000000001ad20000,0x000000001ae20000)]
  0x0000000018751800 JavaThread "Daemon" [_thread_blocked, id=276924, stack(0x000000001ac20000,0x000000001ad20000)]
  0x0000000018959000 JavaThread "Daemon periodic checks" [_thread_blocked, id=278164, stack(0x000000001ab20000,0x000000001ac20000)]
  0x0000000018f66800 JavaThread "Incoming local TCP Connector on port 63653" [_thread_in_native, id=278196, stack(0x000000001a8e0000,0x000000001a9e0000)]
  0x0000000018600800 JavaThread "Service Thread" daemon [_thread_blocked, id=280556, stack(0x00000000189d0000,0x0000000018ad0000)]
  0x0000000016c87000 JavaThread "C1 CompilerThread2" daemon [_thread_blocked, id=280564, stack(0x00000000184d0000,0x00000000185d0000)]
=>0x0000000016c80800 JavaThread "C2 CompilerThread1" daemon [_thread_in_native, id=280532, stack(0x00000000183d0000,0x00000000184d0000)]
  0x0000000016c7d800 JavaThread "C2 CompilerThread0" daemon [_thread_blocked, id=268172, stack(0x00000000182d0000,0x00000000183d0000)]
  0x0000000016c7c000 JavaThread "Attach Listener" daemon [_thread_blocked, id=280536, stack(0x00000000181d0000,0x00000000182d0000)]
  0x0000000016c7a800 JavaThread "Signal Dispatcher" daemon [_thread_blocked, id=280540, stack(0x00000000180d0000,0x00000000181d0000)]
  0x0000000016c69800 JavaThread "Finalizer" daemon [_thread_blocked, id=280560, stack(0x0000000017ee0000,0x0000000017fe0000)]
  0x0000000003302800 JavaThread "Reference Handler" daemon [_thread_blocked, id=280568, stack(0x0000000017de0000,0x0000000017ee0000)]
  0x000000000310e800 JavaThread "main" [_thread_blocked, id=280072, stack(0x0000000003110000,0x0000000003210000)]

Other Threads:
  0x0000000016c47000 VMThread [stack: 0x0000000017ce0000,0x0000000017de0000] [id=280364]
  0x0000000016cde800 WatcherThread [stack: 0x0000000018ad0000,0x0000000018bd0000] [id=280552]

VM state:not at safepoint (normal execution)

VM Mutex/Monitor currently owned by a thread: None

Heap:
 PSYoungGen      total 74752K, used 29052K [0x00000000e0000000, 0x00000000e5280000, 0x0000000100000000)
  eden space 64512K, 35% used [0x00000000e0000000,0x00000000e1696fe0,0x00000000e3f00000)
  from space 10240K, 57% used [0x00000000e4880000,0x00000000e4e48088,0x00000000e5280000)
  to   space 9728K, 0% used [0x00000000e3f00000,0x00000000e3f00000,0x00000000e4880000)
 ParOldGen       total 47616K, used 7855K [0x00000000a0000000, 0x00000000a2e80000, 0x00000000e0000000)
  object space 47616K, 16% used [0x00000000a0000000,0x00000000a07abd40,0x00000000a2e80000)
 Metaspace       used 29658K, capacity 30254K, committed 30336K, reserved 1075200K
  class space    used 4019K, capacity 4201K, committed 4224K, reserved 1048576K

Card table byte_map: [0x00000000126d0000,0x00000000129e0000] byte_map_base: 0x00000000121d0000

Marking Bits: (ParMarkBitMap*) 0x00000000672b5aa0
 Begin Bits: [0x0000000012fe0000, 0x00000000147e0000)
 End Bits:   [0x00000000147e0000, 0x0000000015fe0000)

Polling page: 0x0000000001200000

CodeCache: size=245760Kb used=8285Kb max_used=8296Kb free=237474Kb
 bounds [0x0000000003310000, 0x0000000003b40000, 0x0000000012310000]
 total_blobs=2806 nmethods=2139 adapters=580
 compilation: enabled

Compilation events (10 events):
Event: 33.106 Thread 0x0000000016c87000 2283       3       com.google.common.collect.CompactHashMap::get (27 bytes)
Event: 33.107 Thread 0x0000000016c87000 nmethod 2283 0x0000000003b0e0d0 code [0x0000000003b0e260, 0x0000000003b0e538]
Event: 33.107 Thread 0x0000000016c87000 2285       3       com.google.common.collect.CompactLinkedHashMap::accessEntry (48 bytes)
Event: 33.107 Thread 0x0000000016c87000 nmethod 2285 0x0000000003b0d9d0 code [0x0000000003b0db60, 0x0000000003b0dee8]
Event: 33.107 Thread 0x0000000016c87000 2286       3       org.objectweb.asm.MethodWriter::endCurrentBasicBlockWithNoSuccessor (94 bytes)
Event: 33.107 Thread 0x0000000016c87000 nmethod 2286 0x0000000003b136d0 code [0x0000000003b13860, 0x0000000003b13e08]
Event: 33.107 Thread 0x0000000016c87000 2288       3       org.objectweb.asm.Type::getMethodDescriptor (74 bytes)
Event: 33.108 Thread 0x0000000016c87000 nmethod 2288 0x0000000003b14050 code [0x0000000003b142e0, 0x0000000003b15618]
Event: 33.108 Thread 0x0000000016c87000 2290       3       java.util.Arrays$ArrayList::contains (15 bytes)
Event: 33.108 Thread 0x0000000016c87000 nmethod 2290 0x0000000003b0d5d0 code [0x0000000003b0d740, 0x0000000003b0d928]

GC Heap History (10 events):
Event: 31.978 GC heap before
{Heap before GC invocations=5 (full 0):
 PSYoungGen      total 38400K, used 38368K [0x00000000e0000000, 0x00000000e2a80000, 0x0000000100000000)
  eden space 33280K, 100% used [0x00000000e0000000,0x00000000e2080000,0x00000000e2080000)
  from space 5120K, 99% used [0x00000000e2580000,0x00000000e2a78040,0x00000000e2a80000)
  to   space 5120K, 0% used [0x00000000e2080000,0x00000000e2080000,0x00000000e2580000)
 ParOldGen       total 87552K, used 4964K [0x00000000a0000000, 0x00000000a5580000, 0x00000000e0000000)
  object space 87552K, 5% used [0x00000000a0000000,0x00000000a04d9178,0x00000000a5580000)
 Metaspace       used 19406K, capacity 19838K, committed 19968K, reserved 1067008K
  class space    used 2792K, capacity 2959K, committed 3072K, reserved 1048576K
Event: 31.986 GC heap after
Heap after GC invocations=5 (full 0):
 PSYoungGen      total 37888K, used 5092K [0x00000000e0000000, 0x00000000e3500000, 0x0000000100000000)
  eden space 32768K, 0% used [0x00000000e0000000,0x00000000e0000000,0x00000000e2000000)
  from space 5120K, 99% used [0x00000000e2080000,0x00000000e2579050,0x00000000e2580000)
  to   space 10752K, 0% used [0x00000000e2a80000,0x00000000e2a80000,0x00000000e3500000)
 ParOldGen       total 87552K, used 8765K [0x00000000a0000000, 0x00000000a5580000, 0x00000000e0000000)
  object space 87552K, 10% used [0x00000000a0000000,0x00000000a088f458,0x00000000a5580000)
 Metaspace       used 19406K, capacity 19838K, committed 19968K, reserved 1067008K
  class space    used 2792K, capacity 2959K, committed 3072K, reserved 1048576K
}
Event: 32.086 GC heap before
{Heap before GC invocations=6 (full 0):
 PSYoungGen      total 37888K, used 13581K [0x00000000e0000000, 0x00000000e3500000, 0x0000000100000000)
  eden space 32768K, 25% used [0x00000000e0000000,0x00000000e084a5d8,0x00000000e2000000)
  from space 5120K, 99% used [0x00000000e2080000,0x00000000e2579050,0x00000000e2580000)
  to   space 10752K, 0% used [0x00000000e2a80000,0x00000000e2a80000,0x00000000e3500000)
 ParOldGen       total 87552K, used 8765K [0x00000000a0000000, 0x00000000a5580000, 0x00000000e0000000)
  object space 87552K, 10% used [0x00000000a0000000,0x00000000a088f458,0x00000000a5580000)
 Metaspace       used 20681K, capacity 21118K, committed 21296K, reserved 1067008K
  class space    used 2902K, capacity 3087K, committed 3200K, reserved 1048576K
Event: 32.092 GC heap after
Heap after GC invocations=6 (full 0):
 PSYoungGen      total 43520K, used 6642K [0x00000000e0000000, 0x00000000e3500000, 0x0000000100000000)
  eden space 32768K, 0% used [0x00000000e0000000,0x00000000e0000000,0x00000000e2000000)
  from space 10752K, 61% used [0x00000000e2a80000,0x00000000e30fc9f8,0x00000000e3500000)
  to   space 5120K, 0% used [0x00000000e2080000,0x00000000e2080000,0x00000000e2580000)
 ParOldGen       total 87552K, used 8773K [0x00000000a0000000, 0x00000000a5580000, 0x00000000e0000000)
  object space 87552K, 10% used [0x00000000a0000000,0x00000000a0891458,0x00000000a5580000)
 Metaspace       used 20681K, capacity 21118K, committed 21296K, reserved 1067008K
  class space    used 2902K, capacity 3087K, committed 3200K, reserved 1048576K
}
Event: 32.092 GC heap before
{Heap before GC invocations=7 (full 1):
 PSYoungGen      total 43520K, used 6642K [0x00000000e0000000, 0x00000000e3500000, 0x0000000100000000)
  eden space 32768K, 0% used [0x00000000e0000000,0x00000000e0000000,0x00000000e2000000)
  from space 10752K, 61% used [0x00000000e2a80000,0x00000000e30fc9f8,0x00000000e3500000)
  to   space 5120K, 0% used [0x00000000e2080000,0x00000000e2080000,0x00000000e2580000)
 ParOldGen       total 87552K, used 8773K [0x00000000a0000000, 0x00000000a5580000, 0x00000000e0000000)
  object space 87552K, 10% used [0x00000000a0000000,0x00000000a0891458,0x00000000a5580000)
 Metaspace       used 20681K, capacity 21118K, committed 21296K, reserved 1067008K
  class space    used 2902K, capacity 3087K, committed 3200K, reserved 1048576K
Event: 32.123 GC heap after
Heap after GC invocations=7 (full 1):
 PSYoungGen      total 43520K, used 0K [0x00000000e0000000, 0x00000000e3500000, 0x0000000100000000)
  eden space 32768K, 0% used [0x00000000e0000000,0x00000000e0000000,0x00000000e2000000)
  from space 10752K, 0% used [0x00000000e2a80000,0x00000000e2a80000,0x00000000e3500000)
  to   space 5120K, 0% used [0x00000000e2080000,0x00000000e2080000,0x00000000e2580000)
 ParOldGen       total 47616K, used 7839K [0x00000000a0000000, 0x00000000a2e80000, 0x00000000e0000000)
  object space 47616K, 16% used [0x00000000a0000000,0x00000000a07a7d40,0x00000000a2e80000)
 Metaspace       used 20681K, capacity 21118K, committed 21296K, reserved 1067008K
  class space    used 2902K, capacity 3087K, committed 3200K, reserved 1048576K
}
Event: 32.651 GC heap before
{Heap before GC invocations=8 (full 1):
 PSYoungGen      total 43520K, used 32768K [0x00000000e0000000, 0x00000000e3500000, 0x0000000100000000)
  eden space 32768K, 100% used [0x00000000e0000000,0x00000000e2000000,0x00000000e2000000)
  from space 10752K, 0% used [0x00000000e2a80000,0x00000000e2a80000,0x00000000e3500000)
  to   space 5120K, 0% used [0x00000000e2080000,0x00000000e2080000,0x00000000e2580000)
 ParOldGen       total 47616K, used 7839K [0x00000000a0000000, 0x00000000a2e80000, 0x00000000e0000000)
  object space 47616K, 16% used [0x00000000a0000000,0x00000000a07a7d40,0x00000000a2e80000)
 Metaspace       used 25710K, capacity 26122K, committed 26240K, reserved 1071104K
  class space    used 3464K, capacity 3640K, committed 3712K, reserved 1048576K
Event: 32.655 GC heap after
Heap after GC invocations=8 (full 1):
 PSYoungGen      total 38400K, used 4461K [0x00000000e0000000, 0x00000000e5280000, 0x0000000100000000)
  eden space 33280K, 0% used [0x00000000e0000000,0x00000000e0000000,0x00000000e2080000)
  from space 5120K, 87% used [0x00000000e2080000,0x00000000e24db6e8,0x00000000e2580000)
  to   space 10240K, 0% used [0x00000000e4880000,0x00000000e4880000,0x00000000e5280000)
 ParOldGen       total 47616K, used 7847K [0x00000000a0000000, 0x00000000a2e80000, 0x00000000e0000000)
  object space 47616K, 16% used [0x00000000a0000000,0x00000000a07a9d40,0x00000000a2e80000)
 Metaspace       used 25710K, capacity 26122K, committed 26240K, reserved 1071104K
  class space    used 3464K, capacity 3640K, committed 3712K, reserved 1048576K
}
Event: 32.979 GC heap before
{Heap before GC invocations=9 (full 1):
 PSYoungGen      total 38400K, used 37741K [0x00000000e0000000, 0x00000000e5280000, 0x0000000100000000)
  eden space 33280K, 100% used [0x00000000e0000000,0x00000000e2080000,0x00000000e2080000)
  from space 5120K, 87% used [0x00000000e2080000,0x00000000e24db6e8,0x00000000e2580000)
  to   space 10240K, 0% used [0x00000000e4880000,0x00000000e4880000,0x00000000e5280000)
 ParOldGen       total 47616K, used 7847K [0x00000000a0000000, 0x00000000a2e80000, 0x00000000e0000000)
  object space 47616K, 16% used [0x00000000a0000000,0x00000000a07a9d40,0x00000000a2e80000)
 Metaspace       used 28797K, capacity 29302K, committed 29440K, reserved 1075200K
  class space    used 3869K, capacity 4034K, committed 4096K, reserved 1048576K
Event: 32.984 GC heap after
Heap after GC invocations=9 (full 1):
 PSYoungGen      total 74752K, used 5920K [0x00000000e0000000, 0x00000000e5280000, 0x0000000100000000)
  eden space 64512K, 0% used [0x00000000e0000000,0x00000000e0000000,0x00000000e3f00000)
  from space 10240K, 57% used [0x00000000e4880000,0x00000000e4e48088,0x00000000e5280000)
  to   space 9728K, 0% used [0x00000000e3f00000,0x00000000e3f00000,0x00000000e4880000)
 ParOldGen       total 47616K, used 7855K [0x00000000a0000000, 0x00000000a2e80000, 0x00000000e0000000)
  object space 47616K, 16% used [0x00000000a0000000,0x00000000a07abd40,0x00000000a2e80000)
 Metaspace       used 28797K, capacity 29302K, committed 29440K, reserved 1075200K
  class space    used 3869K, capacity 4034K, committed 4096K, reserved 1048576K
}

Deoptimization events (10 events):
Event: 32.680 Thread 0x0000000018f47800 Uncommon trap: reason=unstable_if action=reinterpret pc=0x000000000344f268 method=java.util.HashMap.hash(Ljava/lang/Object;)I @ 1
Event: 32.732 Thread 0x0000000018f47800 Uncommon trap: reason=unstable_if action=reinterpret pc=0x0000000003577fc0 method=java.util.HashMap.getNode(ILjava/lang/Object;)Ljava/util/HashMap$Node; @ 53
Event: 32.732 Thread 0x0000000018f47800 Uncommon trap: reason=unstable_if action=reinterpret pc=0x000000000346b3d4 method=java.util.HashMap.hash(Ljava/lang/Object;)I @ 1
Event: 32.732 Thread 0x0000000018f47800 Uncommon trap: reason=unstable_if action=reinterpret pc=0x0000000003472bdc method=java.util.HashMap.putVal(ILjava/lang/Object;Ljava/lang/Object;ZZ)Ljava/lang/Object; @ 85
Event: 32.768 Thread 0x0000000018f47800 Uncommon trap: reason=unstable_if action=reinterpret pc=0x00000000035e1fb0 method=java.util.LinkedHashMap.afterNodeInsertion(Z)V @ 1
Event: 32.925 Thread 0x0000000018f47800 Uncommon trap: reason=class_check action=maybe_recompile pc=0x0000000003863e64 method=sun.misc.URLClassPath.getLoader(I)Lsun/misc/URLClassPath$Loader; @ 94
Event: 32.935 Thread 0x0000000018f47800 Uncommon trap: reason=class_check action=maybe_recompile pc=0x0000000003866eb0 method=sun.misc.URLClassPath.getLoader(I)Lsun/misc/URLClassPath$Loader; @ 239
Event: 33.001 Thread 0x0000000018f47800 Uncommon trap: reason=unstable_if action=reinterpret pc=0x0000000003ac4414 method=org.codehaus.groovy.runtime.metaclass.MetaMethodIndex.addMethodToList(Ljava/lang/Object;Lgroovy/lang/MetaMethod;)Ljava/lang/Object; @ 226
Event: 33.039 Thread 0x0000000018f47800 Uncommon trap: reason=unstable_if action=reinterpret pc=0x00000000035bcb7c method=java.io.WinNTFileSystem.resolve(Ljava/lang/String;Ljava/lang/String;)Ljava/lang/String; @ 49
Event: 33.089 Thread 0x0000000018f47800 Uncommon trap: reason=bimorphic action=maybe_recompile pc=0x0000000003a5d48c method=java.util.WeakHashMap.eq(Ljava/lang/Object;Ljava/lang/Object;)Z @ 7

Classes redefined (0 events):
No events

Internal exceptions (10 events):
Event: 33.082 Thread 0x0000000018f47800 Exception <a 'java/lang/ClassNotFoundException': org/gradle/api/internal/DefaultNamedDomainObjectCollectionBeanInfo> (0x00000000e0dfa870) thrown at [D:\src\AOSP-openjdk-cygwin\jdk8u\hotspot\src\share\vm\classfile\systemDictionary.cpp, line 210]
Event: 33.082 Thread 0x0000000018f47800 Exception <a 'java/lang/ClassNotFoundException': org/gradle/api/internal/DefaultDomainObjectCollectionBeanInfo> (0x00000000e0e2b258) thrown at [D:\src\AOSP-openjdk-cygwin\jdk8u\hotspot\src\share\vm\classfile\systemDictionary.cpp, line 210]
Event: 33.083 Thread 0x0000000018f47800 Exception <a 'java/lang/ClassNotFoundException': java/util/AbstractCollectionBeanInfo> (0x00000000e0e2f7c8) thrown at [D:\src\AOSP-openjdk-cygwin\jdk8u\hotspot\src\share\vm\classfile\systemDictionary.cpp, line 210]
Event: 33.083 Thread 0x0000000018f47800 Exception <a 'java/lang/ClassNotFoundException': java/util/AbstractCollectionCustomizer> (0x00000000e0e33ee8) thrown at [D:\src\AOSP-openjdk-cygwin\jdk8u\hotspot\src\share\vm\classfile\systemDictionary.cpp, line 210]
Event: 33.084 Thread 0x0000000018f47800 Exception <a 'java/lang/ClassNotFoundException': org/gradle/api/internal/DefaultDomainObjectCollectionCustomizer> (0x00000000e0e70990) thrown at [D:\src\AOSP-openjdk-cygwin\jdk8u\hotspot\src\share\vm\classfile\systemDictionary.cpp, line 210]
Event: 33.086 Thread 0x0000000018f47800 Exception <a 'java/lang/ClassNotFoundException': org/gradle/api/internal/DefaultNamedDomainObjectCollectionCustomizer> (0x00000000e0ecd1a0) thrown at [D:\src\AOSP-openjdk-cygwin\jdk8u\hotspot\src\share\vm\classfile\systemDictionary.cpp, line 210]
Event: 33.089 Thread 0x0000000018f47800 Exception <a 'java/lang/ClassNotFoundException': org/gradle/api/internal/DefaultNamedDomainObjectListCustomizer> (0x00000000e0f42128) thrown at [D:\src\AOSP-openjdk-cygwin\jdk8u\hotspot\src\share\vm\classfile\systemDictionary.cpp, line 210]
Event: 33.090 Thread 0x0000000018f47800 Exception <a 'java/lang/ClassNotFoundException': org/gradle/api/internal/artifacts/DefaultArtifactRepositoryContainerCustomizer> (0x00000000e0fb4a50) thrown at [D:\src\AOSP-openjdk-cygwin\jdk8u\hotspot\src\share\vm\classfile\systemDictionary.cpp, line 210
Event: 33.092 Thread 0x0000000018f47800 Exception <a 'java/lang/ClassNotFoundException': org/gradle/api/internal/artifacts/dsl/DefaultRepositoryHandlerCustomizer> (0x00000000e1019910) thrown at [D:\src\AOSP-openjdk-cygwin\jdk8u\hotspot\src\share\vm\classfile\systemDictionary.cpp, line 210]
Event: 33.094 Thread 0x0000000018f47800 Exception <a 'java/lang/ClassNotFoundException': org/gradle/api/internal/artifacts/dsl/DefaultRepositoryHandler_DecoratedCustomizer> (0x00000000e1087410) thrown at [D:\src\AOSP-openjdk-cygwin\jdk8u\hotspot\src\share\vm\classfile\systemDictionary.cpp, line

Events (10 events):
Event: 33.104 loading class org/gradle/api/internal/AbstractNamedDomainObjectContainer$1
Event: 33.104 loading class org/gradle/api/internal/AbstractNamedDomainObjectContainer$1 done
Event: 33.104 loading class org/gradle/api/internal/PolymorphicDomainObjectContainerConfigureDelegate
Event: 33.104 loading class org/gradle/api/internal/PolymorphicDomainObjectContainerConfigureDelegate done
Event: 33.109 loading class org/gradle/api/Named$Namer
Event: 33.109 loading class org/gradle/api/Named$Namer done
Event: 33.109 loading class org/gradle/api/internal/AbstractPolymorphicDomainObjectContainer$ContainerElementsDynamicObject
Event: 33.109 loading class org/gradle/api/internal/AbstractPolymorphicDomainObjectContainer$ContainerElementsDynamicObject done
Event: 33.109 loading class org/gradle/api/internal/DefaultPolymorphicNamedEntityInstantiator
Event: 33.109 loading class org/gradle/api/internal/DefaultPolymorphicNamedEntityInstantiator done


Dynamic libraries:
0x00007ff776e10000 - 0x00007ff776e41000 	C:\Program Files\Android\Android Studio\jre\bin\java.exe
0x00007fffacda0000 - 0x00007fffacf81000 	C:\WINDOWS\SYSTEM32\ntdll.dll
0x00007fffab000000 - 0x00007fffab0b2000 	C:\WINDOWS\System32\KERNEL32.DLL
0x00007fffa9e80000 - 0x00007fffaa0f3000 	C:\WINDOWS\System32\KERNELBASE.dll
0x00007fffacba0000 - 0x00007fffacc41000 	C:\WINDOWS\System32\ADVAPI32.dll
0x00007fffaae00000 - 0x00007fffaae9e000 	C:\WINDOWS\System32\msvcrt.dll
0x00007fffab620000 - 0x00007fffab67b000 	C:\WINDOWS\System32\sechost.dll
0x00007fffaa320000 - 0x00007fffaa444000 	C:\WINDOWS\System32\RPCRT4.dll
0x00007fffaaa30000 - 0x00007fffaabc0000 	C:\WINDOWS\System32\USER32.dll
0x00007fffa8f50000 - 0x00007fffa8f70000 	C:\WINDOWS\System32\win32u.dll
0x00007fffab590000 - 0x00007fffab5b8000 	C:\WINDOWS\System32\GDI32.dll
0x00007fffa9870000 - 0x00007fffa9a02000 	C:\WINDOWS\System32\gdi32full.dll
0x00007fffa9de0000 - 0x00007fffa9e7f000 	C:\WINDOWS\System32\msvcp_win.dll
0x00007fffaa100000 - 0x00007fffaa1fa000 	C:\WINDOWS\System32\ucrtbase.dll
0x00007fff98d30000 - 0x00007fff98f99000 	C:\WINDOWS\WinSxS\amd64_microsoft.windows.common-controls_6595b64144ccf1df_6.0.17134.228_none_fb4599993062b194\COMCTL32.dll
0x00007fffaa490000 - 0x00007fffaa7b3000 	C:\WINDOWS\System32\combase.dll
0x00007fffa9b70000 - 0x00007fffa9bea000 	C:\WINDOWS\System32\bcryptPrimitives.dll
0x00007fffaa450000 - 0x00007fffaa47d000 	C:\WINDOWS\System32\IMM32.DLL
0x0000000066a10000 - 0x0000000066ae2000 	C:\Program Files\Android\Android Studio\jre\jre\bin\msvcr100.dll
0x0000000066af0000 - 0x0000000067331000 	C:\Program Files\Android\Android Studio\jre\jre\bin\server\jvm.dll
0x00007fffaa480000 - 0x00007fffaa488000 	C:\WINDOWS\System32\PSAPI.DLL
0x00007fffa6de0000 - 0x00007fffa6e03000 	C:\WINDOWS\SYSTEM32\WINMM.dll
0x00007fff9c560000 - 0x00007fff9c569000 	C:\WINDOWS\SYSTEM32\WSOCK32.dll
0x00007fffa6d90000 - 0x00007fffa6dba000 	C:\WINDOWS\SYSTEM32\WINMMBASE.dll
0x00007fffaa7c0000 - 0x00007fffaa82c000 	C:\WINDOWS\System32\WS2_32.dll
0x00007fffa9a10000 - 0x00007fffa9a59000 	C:\WINDOWS\System32\cfgmgr32.dll
0x00007fffa01c0000 - 0x00007fffa01ca000 	C:\WINDOWS\SYSTEM32\VERSION.dll
0x00007fffa2fe0000 - 0x00007fffa2fef000 	C:\Program Files\Android\Android Studio\jre\jre\bin\verify.dll
0x00007fffa2a90000 - 0x00007fffa2ab9000 	C:\Program Files\Android\Android Studio\jre\jre\bin\java.dll
0x00007fffa26b0000 - 0x00007fffa26c6000 	C:\Program Files\Android\Android Studio\jre\jre\bin\zip.dll
0x00007fffab690000 - 0x00007fffacad0000 	C:\WINDOWS\System32\SHELL32.dll
0x00007fffaabc0000 - 0x00007fffaac69000 	C:\WINDOWS\System32\shcore.dll
0x00007fffa9160000 - 0x00007fffa986d000 	C:\WINDOWS\System32\windows.storage.dll
0x00007fffaa9d0000 - 0x00007fffaaa21000 	C:\WINDOWS\System32\shlwapi.dll
0x00007fffa8f00000 - 0x00007fffa8f11000 	C:\WINDOWS\System32\kernel.appcore.dll
0x00007fffa8f20000 - 0x00007fffa8f3f000 	C:\WINDOWS\System32\profapi.dll
0x00007fffa8eb0000 - 0x00007fffa8efc000 	C:\WINDOWS\System32\powrprof.dll
0x00007fffa8f40000 - 0x00007fffa8f4a000 	C:\WINDOWS\System32\FLTLIB.DLL
0x00007fffa2030000 - 0x00007fffa204a000 	C:\Program Files\Android\Android Studio\jre\jre\bin\net.dll
0x00007fffa86b0000 - 0x00007fffa8716000 	C:\WINDOWS\system32\mswsock.dll
0x00007fffa2010000 - 0x00007fffa2021000 	C:\Program Files\Android\Android Studio\jre\jre\bin\nio.dll
0x00007fffa1fd0000 - 0x00007fffa1fee000 	C:\Users\marcio.guilherme\.gradle\native\25\windows-amd64\native-platform.dll
0x00007fffa2a40000 - 0x00007fffa2a4d000 	C:\Program Files\Android\Android Studio\jre\jre\bin\management.dll
0x00007fffa8860000 - 0x00007fffa8877000 	C:\WINDOWS\SYSTEM32\CRYPTSP.dll
0x00007fffa8290000 - 0x00007fffa82c3000 	C:\WINDOWS\system32\rsaenh.dll
0x00007fffa89f0000 - 0x00007fffa8a15000 	C:\WINDOWS\SYSTEM32\bcrypt.dll
0x00007fffa8d90000 - 0x00007fffa8db8000 	C:\WINDOWS\SYSTEM32\USERENV.dll
0x00007fffa8880000 - 0x00007fffa888b000 	C:\WINDOWS\SYSTEM32\CRYPTBASE.dll
0x00007fffa8430000 - 0x00007fffa8468000 	C:\WINDOWS\SYSTEM32\IPHLPAPI.DLL
0x00007fffaac70000 - 0x00007fffaac78000 	C:\WINDOWS\System32\NSI.dll
0x00007fffa4e90000 - 0x00007fffa4ea6000 	C:\WINDOWS\SYSTEM32\dhcpcsvc6.DLL
0x00007fffa4800000 - 0x00007fffa481a000 	C:\WINDOWS\SYSTEM32\dhcpcsvc.DLL

VM Arguments:
jvm_args: -Xmx1536m -Dfile.encoding=windows-1252 -Duser.country=US -Duser.language=en -Duser.variant 
java_command: org.gradle.launcher.daemon.bootstrap.GradleDaemon 5.1.1
java_class_path (initial): C:\Users\marcio.guilherme\.gradle\wrapper\dists\gradle-5.1.1-all\97z1ksx6lirer3kbvdnh7jtjg\gradle-5.1.1\lib\gradle-launcher-5.1.1.jar
Launcher Type: SUN_STANDARD

Environment Variables:
PATH=C:\Program Files\Microsoft MPI\Bin\;C:\Program Files (x86)\Common Files\Oracle\Java\javapath;C:\ProgramData\Oracle\Java\javapath;C:\WINDOWS\system32;C:\WINDOWS;C:\WINDOWS\System32\Wbem;C:\WINDOWS\System32\WindowsPowerShell\v1.0\;C:\Program Files (x86)\Microsoft SQL Server\Client SDK\ODBC\130\Tools\Binn\;C:\Program Files (x86)\Microsoft SQL Server\130\Tools\Binn\;C:\Program Files (x86)\Microsoft SQL Server\130\DTS\Binn\;C:\Program Files (x86)\Microsoft SQL Server\130\Tools\Binn\ManagementStudio\;C:\Program Files\dotnet\;C:\Program Files (x86)\Symantec\VIP Access Client\;C:\WINDOWS\System32\OpenSSH\;C:\Program Files\Microsoft VS Code\bin;C:\Program Files\nodejs\;C:\Program Files (x86)\dotnet\;C:\Program Files (x86)\Microsoft SQL Server\140\DTS\Binn\;C:\Program Files\Microsoft SQL Server\140\DTS\Binn\;C:\Program Files\Microsoft SQL Server\Client SDK\ODBC\130\Tools\Binn\;C:\Program Files (x86)\Microsoft SQL Server\140\Tools\Binn\;C:\Program Files\Microsoft SQL Server\140\Tools\Binn\;C:\Program Files (x86)\Microsoft SQL Server\140\Tools\Binn\ManagementStudio\;C:\Program Files\Microsoft SQL Server\130\Tools\Binn\;C:\Program Files\Git\cmd;C:\Users\marcio.guilherme\AppData\Local\Microsoft\WindowsApps;C:\Users\marcio.guilherme\.dotnet\tools;C:\Users\marcio.guilherme\AppData\Local\Programs\Python\Python37-32\Scripts;C:\Users\marcio.guilherme\AppData\Local\Programs\Python\Python37-32;
USERNAME=marcio.guilherme
OS=Windows_NT
PROCESSOR_IDENTIFIER=Intel64 Family 6 Model 58 Stepping 9, GenuineIntel



---------------  S Y S T E M  ---------------

OS: Windows 10.0 , 64 bit Build 17134 (10.0.17134.1)

CPU:total 4 (initial active 4) (4 cores per cpu, 1 threads per core) family 6 model 58 stepping 9, cmov, cx8, fxsr, mmx, sse, sse2, sse3, ssse3, sse4.1, sse4.2, popcnt, avx, aes, clmul, erms, tsc, tscinvbit, tscinv

Memory: 4k page, physical 8260556k(379260k free), swap 33426380k(3484k free)

vm_info: OpenJDK 64-Bit Server VM (25.152-b01) for windows-amd64 JRE (1.8.0_152-release-1343-b01), built by "builder" with MS VC++ 10.0 (VS2010)

time: Fri Apr 26 14:43:24 2019
elapsed time: 33 seconds (0d 0h 0m 33s)

