#
# There is insufficient memory for the Java Runtime Environment to continue.
# Native memory allocation (malloc) failed to allocate 1566336 bytes for Chunk::new
# Possible reasons:
#   The system is out of physical RAM or swap space
#   In 32 bit mode, the process size limit was hit
# Possible solutions:
#   Reduce memory load on the system
#   Increase physical memory or swap space
#   Check if swap backing store is full
#   Use 64 bit Java on a 64 bit OS
#   Decrease Java heap size (-Xmx/-Xms)
#   Decrease number of Java threads
#   Decrease Java thread stack sizes (-Xss)
#   Set larger code cache with -XX:ReservedCodeCacheSize=
# This output file may be truncated or incomplete.
#
#  Out of Memory Error (allocation.cpp:390), pid=261528, tid=0x000000000003f834
#
# JRE version: OpenJDK Runtime Environment (8.0_152-b01) (build 1.8.0_152-release-1343-b01)
# Java VM: OpenJDK 64-Bit Server VM (25.152-b01 mixed mode windows-amd64 compressed oops)
# Failed to write core dump. Minidumps are not enabled by default on client versions of Windows
#

---------------  T H R E A D  ---------------

Current thread (0x0000000016d0e000):  JavaThread "C2 CompilerThread0" daemon [_thread_in_native, id=260148, stack(0x0000000018360000,0x0000000018460000)]

Stack: [0x0000000018360000,0x0000000018460000]
[error occurred during error reporting (printing stack bounds), id 0xc0000005]

Native frames: (J=compiled Java code, j=interpreted, Vv=VM code, C=native code)


Current CompileTask:
C2:5078633 25821       4       org.objectweb.asm.ClassReader::readCode (5089 bytes)


---------------  P R O C E S S  ---------------

Java Threads: ( => current thread )
  0x0000000018eb4000 JavaThread "Cache worker for Java compile cache (C:\EES\PetOffers\.gradle\5.1.1\javaCompile)" [_thread_blocked, id=266684, stack(0x0000000040d40000,0x0000000040e40000)]
  0x0000000018ea6000 JavaThread "RMI TCP Connection(20)-127.0.0.1" daemon [_thread_in_native, id=268132, stack(0x0000000040c40000,0x0000000040d40000)]
  0x0000000018eac800 JavaThread "RMI RenewClean-[127.0.0.1:17379,org.jetbrains.kotlin.daemon.common.LoopbackNetworkInterface$ClientLoopbackSocketFactory@62def974]" daemon [_thread_blocked, id=267032, stack(0x0000000040b40000,0x0000000040c40000)]
  0x0000000018ea5000 JavaThread "RMI TCP Connection(19)-127.0.0.1" daemon [_thread_in_native, id=268148, stack(0x0000000040a40000,0x0000000040b40000)]
  0x0000000018eaa800 JavaThread "stdout" [_thread_in_native, id=268836, stack(0x0000000040940000,0x0000000040a40000)]
  0x0000000018ea9800 JavaThread "stderr" [_thread_in_native, id=268832, stack(0x0000000040840000,0x0000000040940000)]
  0x0000000018ea7800 JavaThread "pool-57-thread-1" [_thread_blocked, id=268816, stack(0x0000000040740000,0x0000000040840000)]
  0x0000000018ea8000 JavaThread "Cache worker for execution history cache (C:\EES\PetOffers\.gradle\5.1.1\executionHistory)" [_thread_blocked, id=255280, stack(0x0000000040540000,0x0000000040640000)]
  0x000000001e71b800 JavaThread "Execution worker for ':' Thread 3" [_thread_blocked, id=265856, stack(0x0000000040440000,0x0000000040540000)]
  0x000000001e71b000 JavaThread "Execution worker for ':' Thread 2" [_thread_blocked, id=267120, stack(0x0000000040340000,0x0000000040440000)]
  0x000000001e71a000 JavaThread "Execution worker for ':'" [_thread_blocked, id=265408, stack(0x0000000040240000,0x0000000040340000)]
  0x000000001e718000 JavaThread "Cache worker for file content cache (C:\EES\PetOffers\.gradle\5.1.1\fileContent)" [_thread_blocked, id=266900, stack(0x0000000040140000,0x0000000040240000)]
  0x000000001e718800 JavaThread "Cache worker for Build Output Cleanup Cache (C:\EES\PetOffers\.gradle\buildOutputCleanup)" [_thread_blocked, id=265448, stack(0x0000000040040000,0x0000000040140000)]
  0x000000001e710800 JavaThread "Build operations Thread 4" [_thread_blocked, id=262312, stack(0x000000003ff40000,0x0000000040040000)]
  0x000000001e712000 JavaThread "Build operations Thread 3" [_thread_blocked, id=266208, stack(0x000000003fe40000,0x000000003ff40000)]
  0x000000001e717000 JavaThread "Build operations Thread 2" [_thread_blocked, id=263376, stack(0x000000003fd40000,0x000000003fe40000)]
  0x000000001e70f800 JavaThread "Build operations" [_thread_blocked, id=263604, stack(0x000000003fc40000,0x000000003fd40000)]
  0x000000001e711000 JavaThread "Cache worker for cache directory md-rule (C:\Users\marcio.guilherme\.gradle\caches\5.1.1\md-rule)" [_thread_blocked, id=266560, stack(0x000000003fb40000,0x000000003fc40000)]
  0x000000001e70f000 JavaThread "Cache worker for cache directory md-supplier (C:\Users\marcio.guilherme\.gradle\caches\5.1.1\md-supplier)" [_thread_blocked, id=267764, stack(0x000000003fa40000,0x000000003fb40000)]
  0x000000001e715800 JavaThread "Cache worker for file hash cache (C:\EES\PetOffers\.gradle\5.1.1\fileHashes)" [_thread_blocked, id=259368, stack(0x000000003f940000,0x000000003fa40000)]
  0x000000001e714000 JavaThread "Thread-208" [_thread_blocked, id=267524, stack(0x000000003f840000,0x000000003f940000)]
  0x00000000187d8800 JavaThread "Stdin handler" [_thread_blocked, id=267388, stack(0x000000003f740000,0x000000003f840000)]
  0x00000000187dd800 JavaThread "Asynchronous log dispatcher for DefaultDaemonConnection: socket connection from /127.0.0.1:48505 to /127.0.0.1:53794" [_thread_blocked, id=268228, stack(0x000000003f640000,0x000000003f740000)]
  0x00000000187dd000 JavaThread "Daemon worker Thread 9" [_thread_in_native, id=266672, stack(0x000000003f540000,0x000000003f640000)]
  0x00000000187da000 JavaThread "Cancel handler" [_thread_blocked, id=264804, stack(0x000000003f440000,0x000000003f540000)]
  0x00000000187da800 JavaThread "Handler for socket connection from /127.0.0.1:48505 to /127.0.0.1:53794" [_thread_in_native, id=267968, stack(0x000000003f340000,0x000000003f440000)]
  0x00000000187df000 JavaThread "Daemon Thread 9" [_thread_blocked, id=263444, stack(0x000000003f240000,0x000000003f340000)]
  0x000000001e719800 JavaThread "RMI Reaper" [_thread_blocked, id=266568, stack(0x000000003e640000,0x000000003e740000)]
  0x000000001e71e000 JavaThread "GC Daemon" daemon [_thread_blocked, id=257308, stack(0x000000003e540000,0x000000003e640000)]
  0x000000001e71c800 JavaThread "Cache worker for Java compile cache (C:\Users\marcio.guilherme\.gradle\caches\5.1.1\javaCompile)" [_thread_blocked, id=263844, stack(0x0000000028350000,0x0000000028450000)]
  0x000000001e716800 JavaThread "RMI TCP Accept-0" daemon [_thread_in_native, id=263212, stack(0x0000000028050000,0x0000000028150000)]
  0x000000001e713800 JavaThread "RMI Scheduler(0)" daemon [_thread_blocked, id=261240, stack(0x0000000027d50000,0x0000000027e50000)]
  0x0000000018eb3800 JavaThread "Cache worker for file content cache (C:\Users\marcio.guilherme\.gradle\caches\5.1.1\fileContent)" [_thread_blocked, id=262076, stack(0x0000000026c50000,0x0000000026d50000)]
  0x0000000018ead800 JavaThread "Memory manager" [_thread_blocked, id=246928, stack(0x0000000024050000,0x0000000024150000)]
  0x000000001a263800 JavaThread "Cache worker for execution history cache (C:\Users\marcio.guilherme\.gradle\caches\5.1.1\executionHistory)" [_thread_blocked, id=261256, stack(0x0000000020b30000,0x0000000020c30000)]
  0x000000001a25f000 JavaThread "Cache worker for journal cache (C:\Users\marcio.guilherme\.gradle\caches\journal-1)" [_thread_blocked, id=256640, stack(0x000000001c780000,0x000000001c880000)]
  0x000000001a263000 JavaThread "File lock request listener" [_thread_in_native, id=261336, stack(0x000000001c680000,0x000000001c780000)]
  0x000000001b5bf000 JavaThread "Cache worker for file hash cache (C:\Users\marcio.guilherme\.gradle\caches\5.1.1\fileHashes)" [_thread_blocked, id=255564, stack(0x000000001c580000,0x000000001c680000)]
  0x0000000019b0b800 JavaThread "Daemon periodic checks" [_thread_blocked, id=258664, stack(0x000000001abb0000,0x000000001acb0000)]
  0x0000000019b0a000 JavaThread "Incoming local TCP Connector on port 48505" [_thread_in_native, id=262136, stack(0x000000001a970000,0x000000001aa70000)]
  0x0000000016d6e000 JavaThread "Service Thread" daemon [_thread_blocked, id=261444, stack(0x0000000018a60000,0x0000000018b60000)]
  0x0000000016d3c000 JavaThread "C1 CompilerThread2" daemon [_thread_blocked, id=256068, stack(0x0000000018560000,0x0000000018660000)]
  0x0000000016d11000 JavaThread "C2 CompilerThread1" daemon [_thread_in_native, id=242780, stack(0x0000000018460000,0x0000000018560000)]
=>0x0000000016d0e000 JavaThread "C2 CompilerThread0" daemon [_thread_in_native, id=260148, stack(0x0000000018360000,0x0000000018460000)]
  0x0000000016d0c800 JavaThread "Attach Listener" daemon [_thread_blocked, id=259268, stack(0x0000000018260000,0x0000000018360000)]
  0x0000000016d0b800 JavaThread "Signal Dispatcher" daemon [_thread_blocked, id=262140, stack(0x0000000018160000,0x0000000018260000)]
  0x000000000339e800 JavaThread "Finalizer" daemon [_thread_blocked, id=261920, stack(0x0000000017f70000,0x0000000018070000)]
  0x0000000003393800 JavaThread "Reference Handler" daemon [_thread_blocked, id=252388, stack(0x0000000017e70000,0x0000000017f70000)]
  0x00000000032a2800 JavaThread "main" [_thread_blocked, id=261152, stack(0x00000000031a0000,0x00000000032a0000)]

Other Threads:
  0x0000000016cd6000 VMThread [stack: 0x0000000017d70000,0x0000000017e70000] [id=261192]
  0x0000000018679000 WatcherThread [stack: 0x0000000018b60000,0x0000000018c60000] [id=262056]

VM state:not at safepoint (normal execution)

VM Mutex/Monitor currently owned by a thread: None

Heap:
 PSYoungGen      total 369152K, used 182639K [0x00000000e0000000, 0x00000000fac00000, 0x0000000100000000)
  eden space 322560K, 54% used [0x00000000e0000000,0x00000000eaa29478,0x00000000f3b00000)
  from space 46592K, 18% used [0x00000000f6880000,0x00000000f70b2a60,0x00000000f9600000)
  to   space 46592K, 0% used [0x00000000f3b00000,0x00000000f3b00000,0x00000000f6880000)
 ParOldGen       total 204288K, used 56659K [0x00000000a0000000, 0x00000000ac780000, 0x00000000e0000000)
  object space 204288K, 27% used [0x00000000a0000000,0x00000000a3754d98,0x00000000ac780000)
 Metaspace       used 106656K, capacity 112131K, committed 112896K, reserved 1146880K
  class space    used 13357K, capacity 14325K, committed 14592K, reserved 1048576K

Card table byte_map: [0x0000000012760000,0x0000000012a70000] byte_map_base: 0x0000000012260000

Marking Bits: (ParMarkBitMap*) 0x00000000672b5aa0
 Begin Bits: [0x0000000013070000, 0x0000000014870000)
 End Bits:   [0x0000000014870000, 0x0000000016070000)

Polling page: 0x0000000001770000

CodeCache: size=245760Kb used=67251Kb max_used=69166Kb free=178508Kb
 bounds [0x00000000033a0000, 0x00000000077c0000, 0x00000000123a0000]
 total_blobs=21041 nmethods=20095 adapters=857
 compilation: enabled

Compilation events (10 events):
Event: 5077.369 Thread 0x0000000016d3c000 25836       3       org.gradle.api.internal.file.collections.jdk7.Jdk7DirectoryWalker$1::preVisitDirectory (80 bytes)
Event: 5077.370 Thread 0x0000000016d3c000 nmethod 25836 0x0000000007263bd0 code [0x0000000007263dc0, 0x00000000072646b8]
Event: 5077.383 Thread 0x0000000016d3c000 25838       3       org.gradle.api.internal.file.pattern.HasPrefixPatternStep::matches (27 bytes)
Event: 5077.383 Thread 0x0000000016d3c000 nmethod 25838 0x000000000607a210 code [0x000000000607a380, 0x000000000607a608]
Event: 5077.384 Thread 0x0000000016d3c000 25839       3       org.gradle.api.internal.file.pattern.HasPrefixAndSuffixPatternStep::matches (28 bytes)
Event: 5077.385 Thread 0x0000000016d3c000 nmethod 25839 0x00000000072634d0 code [0x0000000007263660, 0x0000000007263a38]
Event: 5077.387 Thread 0x0000000016d11000 nmethod 25826 0x0000000004bd3610 code [0x0000000004bd3ba0, 0x0000000004bd6928]
Event: 5077.387 Thread 0x0000000016d11000 25833       4       org.gradle.api.specs.OrSpec::isSatisfiedBy (55 bytes)
Event: 5077.388 Thread 0x0000000016d3c000 25841       3       org.gradle.api.internal.file.collections.jdk7.Jdk7DirectoryWalker$1::postVisitDirectory (95 bytes)
Event: 5077.390 Thread 0x0000000016d3c000 nmethod 25841 0x00000000049f0090 code [0x00000000049f0340, 0x00000000049f18d8]

GC Heap History (10 events):
Event: 3382.287 GC heap before
{Heap before GC invocations=31 (full 4):
 PSYoungGen      total 339968K, used 321740K [0x00000000e0000000, 0x00000000f8280000, 0x0000000100000000)
  eden space 297472K, 100% used [0x00000000e0000000,0x00000000f2280000,0x00000000f2280000)
  from space 42496K, 57% used [0x00000000f5900000,0x00000000f70b30f0,0x00000000f8280000)
  to   space 49152K, 0% used [0x00000000f2280000,0x00000000f2280000,0x00000000f5280000)
 ParOldGen       total 204288K, used 156235K [0x00000000a0000000, 0x00000000ac780000, 0x00000000e0000000)
  object space 204288K, 76% used [0x00000000a0000000,0x00000000a9892cd8,0x00000000ac780000)
 Metaspace       used 106043K, capacity 111298K, committed 111488K, reserved 1146880K
  class space    used 13425K, capacity 14385K, committed 14464K, reserved 1048576K
Event: 3382.480 GC heap after
Heap after GC invocations=31 (full 4):
 PSYoungGen      total 346624K, used 28046K [0x00000000e0000000, 0x00000000f9f80000, 0x0000000100000000)
  eden space 297472K, 0% used [0x00000000e0000000,0x00000000e0000000,0x00000000f2280000)
  from space 49152K, 57% used [0x00000000f2280000,0x00000000f3de38c0,0x00000000f5280000)
  to   space 49152K, 0% used [0x00000000f6f80000,0x00000000f6f80000,0x00000000f9f80000)
 ParOldGen       total 204288K, used 156243K [0x00000000a0000000, 0x00000000ac780000, 0x00000000e0000000)
  object space 204288K, 76% used [0x00000000a0000000,0x00000000a9894cd8,0x00000000ac780000)
 Metaspace       used 106043K, capacity 111298K, committed 111488K, reserved 1146880K
  class space    used 13425K, capacity 14385K, committed 14464K, reserved 1048576K
}
Event: 3450.301 GC heap before
{Heap before GC invocations=32 (full 4):
 PSYoungGen      total 346624K, used 325047K [0x00000000e0000000, 0x00000000f9f80000, 0x0000000100000000)
  eden space 297472K, 99% used [0x00000000e0000000,0x00000000f220a710,0x00000000f2280000)
  from space 49152K, 57% used [0x00000000f2280000,0x00000000f3de38c0,0x00000000f5280000)
  to   space 49152K, 0% used [0x00000000f6f80000,0x00000000f6f80000,0x00000000f9f80000)
 ParOldGen       total 204288K, used 156243K [0x00000000a0000000, 0x00000000ac780000, 0x00000000e0000000)
  object space 204288K, 76% used [0x00000000a0000000,0x00000000a9894cd8,0x00000000ac780000)
 Metaspace       used 106565K, capacity 111976K, committed 112000K, reserved 1146880K
  class space    used 13458K, capacity 14442K, committed 14464K, reserved 1048576K
Event: 3450.341 GC heap after
Heap after GC invocations=32 (full 4):
 PSYoungGen      total 367104K, used 28228K [0x00000000e0000000, 0x00000000f9b00000, 0x0000000100000000)
  eden space 322560K, 0% used [0x00000000e0000000,0x00000000e0000000,0x00000000f3b00000)
  from space 44544K, 63% used [0x00000000f6f80000,0x00000000f8b111a0,0x00000000f9b00000)
  to   space 49152K, 0% used [0x00000000f3b00000,0x00000000f3b00000,0x00000000f6b00000)
 ParOldGen       total 204288K, used 156251K [0x00000000a0000000, 0x00000000ac780000, 0x00000000e0000000)
  object space 204288K, 76% used [0x00000000a0000000,0x00000000a9896cd8,0x00000000ac780000)
 Metaspace       used 106565K, capacity 111976K, committed 112000K, reserved 1146880K
  class space    used 13458K, capacity 14442K, committed 14464K, reserved 1048576K
}
Event: 3858.127 GC heap before
{Heap before GC invocations=33 (full 4):
 PSYoungGen      total 367104K, used 219194K [0x00000000e0000000, 0x00000000f9b00000, 0x0000000100000000)
  eden space 322560K, 59% used [0x00000000e0000000,0x00000000eba7d970,0x00000000f3b00000)
  from space 44544K, 63% used [0x00000000f6f80000,0x00000000f8b111a0,0x00000000f9b00000)
  to   space 49152K, 0% used [0x00000000f3b00000,0x00000000f3b00000,0x00000000f6b00000)
 ParOldGen       total 204288K, used 156251K [0x00000000a0000000, 0x00000000ac780000, 0x00000000e0000000)
  object space 204288K, 76% used [0x00000000a0000000,0x00000000a9896cd8,0x00000000ac780000)
 Metaspace       used 107177K, capacity 112835K, committed 112896K, reserved 1146880K
  class space    used 13517K, capacity 14556K, committed 14592K, reserved 1048576K
Event: 3858.215 GC heap after
Heap after GC invocations=33 (full 4):
 PSYoungGen      total 345088K, used 22022K [0x00000000e0000000, 0x00000000f9600000, 0x0000000100000000)
  eden space 322560K, 0% used [0x00000000e0000000,0x00000000e0000000,0x00000000f3b00000)
  from space 22528K, 97% used [0x00000000f3b00000,0x00000000f5081b68,0x00000000f5100000)
  to   space 46592K, 0% used [0x00000000f6880000,0x00000000f6880000,0x00000000f9600000)
 ParOldGen       total 204288K, used 156259K [0x00000000a0000000, 0x00000000ac780000, 0x00000000e0000000)
  object space 204288K, 76% used [0x00000000a0000000,0x00000000a9898cd8,0x00000000ac780000)
 Metaspace       used 107177K, capacity 112835K, committed 112896K, reserved 1146880K
  class space    used 13517K, capacity 14556K, committed 14592K, reserved 1048576K
}
Event: 3858.215 GC heap before
{Heap before GC invocations=34 (full 5):
 PSYoungGen      total 345088K, used 22022K [0x00000000e0000000, 0x00000000f9600000, 0x0000000100000000)
  eden space 322560K, 0% used [0x00000000e0000000,0x00000000e0000000,0x00000000f3b00000)
  from space 22528K, 97% used [0x00000000f3b00000,0x00000000f5081b68,0x00000000f5100000)
  to   space 46592K, 0% used [0x00000000f6880000,0x00000000f6880000,0x00000000f9600000)
 ParOldGen       total 204288K, used 156259K [0x00000000a0000000, 0x00000000ac780000, 0x00000000e0000000)
  object space 204288K, 76% used [0x00000000a0000000,0x00000000a9898cd8,0x00000000ac780000)
 Metaspace       used 107177K, capacity 112835K, committed 112896K, reserved 1146880K
  class space    used 13517K, capacity 14556K, committed 14592K, reserved 1048576K
Event: 3860.847 GC heap after
Heap after GC invocations=34 (full 5):
 PSYoungGen      total 345088K, used 0K [0x00000000e0000000, 0x00000000f9600000, 0x0000000100000000)
  eden space 322560K, 0% used [0x00000000e0000000,0x00000000e0000000,0x00000000f3b00000)
  from space 22528K, 0% used [0x00000000f3b00000,0x00000000f3b00000,0x00000000f5100000)
  to   space 46592K, 0% used [0x00000000f6880000,0x00000000f6880000,0x00000000f9600000)
 ParOldGen       total 204288K, used 56651K [0x00000000a0000000, 0x00000000ac780000, 0x00000000e0000000)
  object space 204288K, 27% used [0x00000000a0000000,0x00000000a3752d98,0x00000000ac780000)
 Metaspace       used 105629K, capacity 110625K, committed 112896K, reserved 1146880K
  class space    used 13260K, capacity 14166K, committed 14592K, reserved 1048576K
}
Event: 4479.325 GC heap before
{Heap before GC invocations=35 (full 5):
 PSYoungGen      total 345088K, used 322560K [0x00000000e0000000, 0x00000000f9600000, 0x0000000100000000)
  eden space 322560K, 100% used [0x00000000e0000000,0x00000000f3b00000,0x00000000f3b00000)
  from space 22528K, 0% used [0x00000000f3b00000,0x00000000f3b00000,0x00000000f5100000)
  to   space 46592K, 0% used [0x00000000f6880000,0x00000000f6880000,0x00000000f9600000)
 ParOldGen       total 204288K, used 56651K [0x00000000a0000000, 0x00000000ac780000, 0x00000000e0000000)
  object space 204288K, 27% used [0x00000000a0000000,0x00000000a3752d98,0x00000000ac780000)
 Metaspace       used 106129K, capacity 111275K, committed 112896K, reserved 1146880K
  class space    used 13290K, capacity 14221K, committed 14592K, reserved 1048576K
Event: 4480.117 GC heap after
Heap after GC invocations=35 (full 5):
 PSYoungGen      total 369152K, used 8394K [0x00000000e0000000, 0x00000000fac00000, 0x0000000100000000)
  eden space 322560K, 0% used [0x00000000e0000000,0x00000000e0000000,0x00000000f3b00000)
  from space 46592K, 18% used [0x00000000f6880000,0x00000000f70b2a60,0x00000000f9600000)
  to   space 46592K, 0% used [0x00000000f3b00000,0x00000000f3b00000,0x00000000f6880000)
 ParOldGen       total 204288K, used 56659K [0x00000000a0000000, 0x00000000ac780000, 0x00000000e0000000)
  object space 204288K, 27% used [0x00000000a0000000,0x00000000a3754d98,0x00000000ac780000)
 Metaspace       used 106129K, capacity 111275K, committed 112896K, reserved 1146880K
  class space    used 13290K, capacity 14221K, committed 14592K, reserved 1048576K
}

Deoptimization events (10 events):
Event: 5075.869 Thread 0x00000000187dd000 Uncommon trap: reason=unstable_if action=reinterpret pc=0x00000000072f48c4 method=org.gradle.cache.internal.DefaultCrossBuildInMemoryCacheFactory$DefaultCrossBuildInMemoryCache.getIfPresent(Ljava/lang/Object;)Ljava/lang/Object; @ 41
Event: 5075.912 Thread 0x00000000187dd000 Uncommon trap: reason=unstable_if action=reinterpret pc=0x0000000003d41954 method=java.lang.ref.SoftReference.get()Ljava/lang/Object; @ 6
Event: 5076.428 Thread 0x0000000018eb4000 Uncommon trap: reason=class_check action=maybe_recompile pc=0x00000000041bacbc method=org.gradle.cache.internal.btree.FileBackedBlockStore$BlockImpl.getSize()I @ 12
Event: 5076.889 Thread 0x0000000018eb4000 Uncommon trap: reason=class_check action=maybe_recompile pc=0x00000000041bacbc method=org.gradle.cache.internal.btree.FileBackedBlockStore$BlockImpl.getSize()I @ 12
Event: 5077.308 Thread 0x00000000187dd000 Uncommon trap: reason=unstable_if action=reinterpret pc=0x00000000070e56bc method=org.gradle.api.internal.file.pattern.PatternStepFactory.getStep(Ljava/lang/String;Z)Lorg/gradle/api/internal/file/pattern/PatternStep; @ 107
Event: 5077.311 Thread 0x00000000187dd000 Uncommon trap: reason=class_check action=maybe_recompile pc=0x0000000005851c50 method=org.gradle.api.internal.file.pattern.PatternMatcherFactory$PathMatcherBackedSpec.isSatisfiedBy(Lorg/gradle/api/file/RelativePath;)Z @ 38
Event: 5077.313 Thread 0x00000000187dd000 Uncommon trap: reason=class_check action=maybe_recompile pc=0x0000000005851c50 method=org.gradle.api.internal.file.pattern.PatternMatcherFactory$PathMatcherBackedSpec.isSatisfiedBy(Lorg/gradle/api/file/RelativePath;)Z @ 38
Event: 5077.313 Thread 0x00000000187dd000 Uncommon trap: reason=class_check action=maybe_recompile pc=0x000000000367c42c method=org.gradle.api.internal.file.pattern.PatternMatcherFactory$PathMatcherBackedSpec.isSatisfiedBy(Lorg/gradle/api/file/RelativePath;)Z @ 38
Event: 5077.321 Thread 0x00000000187dd000 Uncommon trap: reason=unstable_if action=reinterpret pc=0x0000000006902c08 method=org.gradle.api.internal.file.pattern.HasPrefixPatternStep.matches(Ljava/lang/String;)Z @ 5
Event: 5077.322 Thread 0x00000000187dd000 Uncommon trap: reason=unstable_if action=reinterpret pc=0x0000000006c9eb28 method=org.gradle.api.internal.file.pattern.HasPrefixPatternStep.matches(Ljava/lang/String;)Z @ 5

Classes redefined (0 events):
No events

Internal exceptions (10 events):
Event: 4477.326 Thread 0x00000000187dd000 Exception <a 'sun/nio/fs/WindowsException'> (0x00000000f1b27d18) thrown at [D:\src\AOSP-openjdk-cygwin\jdk8u\hotspot\src\share\vm\prims\jni.cpp, line 709]
Event: 4478.257 Thread 0x00000000187dd000 Exception <a 'sun/nio/fs/WindowsException'> (0x00000000f2def348) thrown at [D:\src\AOSP-openjdk-cygwin\jdk8u\hotspot\src\share\vm\prims\jni.cpp, line 709]
Event: 4479.070 Thread 0x00000000187da800 Exception <a 'sun/nio/fs/WindowsException'> (0x00000000f345a840) thrown at [D:\src\AOSP-openjdk-cygwin\jdk8u\hotspot\src\share\vm\prims\jni.cpp, line 709]
Event: 4480.289 Thread 0x00000000187da000 Exception <a 'sun/nio/fs/WindowsException'> (0x00000000e03e0b18) thrown at [D:\src\AOSP-openjdk-cygwin\jdk8u\hotspot\src\share\vm\prims\jni.cpp, line 709]
Event: 5049.796 Thread 0x00000000187dd000 Implicit null exception at 0x0000000003c5cd95 to 0x0000000003c63d8d
Event: 5050.009 Thread 0x00000000187dd000 Exception <a 'sun/nio/fs/WindowsException'> (0x00000000e222bb58) thrown at [D:\src\AOSP-openjdk-cygwin\jdk8u\hotspot\src\share\vm\prims\jni.cpp, line 709]
Event: 5053.326 Thread 0x00000000187dd000 Implicit null exception at 0x0000000004501a1e to 0x0000000004501ba1
Event: 5053.391 Thread 0x00000000187dd000 Implicit null exception at 0x0000000005773abf to 0x0000000005773cdd
Event: 5069.210 Thread 0x0000000018eac800 Exception <a 'java/lang/InterruptedException'> (0x00000000e9477e48) thrown at [D:\src\AOSP-openjdk-cygwin\jdk8u\hotspot\src\share\vm\runtime\objectMonitor.cpp, line 1684]
Event: 5075.911 Thread 0x00000000187dd000 Implicit null exception at 0x0000000003d3a79f to 0x0000000003d41925

Events (10 events):
Event: 5077.313 Thread 0x00000000187dd000 DEOPT UNPACKING pc=0x00000000033e557b sp=0x000000003f638920 mode 2
Event: 5077.313 Thread 0x00000000187dd000 Uncommon trap: trap_request=0xffffffde fr.pc=0x000000000367c42c
Event: 5077.313 Thread 0x00000000187dd000 DEOPT PACKING pc=0x000000000367c42c sp=0x000000003f6389c0
Event: 5077.313 Thread 0x00000000187dd000 DEOPT UNPACKING pc=0x00000000033e557b sp=0x000000003f638918 mode 2
Event: 5077.321 Thread 0x00000000187dd000 Uncommon trap: trap_request=0xffffff65 fr.pc=0x0000000006902c08
Event: 5077.321 Thread 0x00000000187dd000 DEOPT PACKING pc=0x0000000006902c08 sp=0x000000003f6386d0
Event: 5077.322 Thread 0x00000000187dd000 DEOPT UNPACKING pc=0x00000000033e557b sp=0x000000003f638640 mode 2
Event: 5077.322 Thread 0x00000000187dd000 Uncommon trap: trap_request=0xffffff65 fr.pc=0x0000000006c9eb28
Event: 5077.322 Thread 0x00000000187dd000 DEOPT PACKING pc=0x0000000006c9eb28 sp=0x000000003f638680
Event: 5077.322 Thread 0x00000000187dd000 DEOPT UNPACKING pc=0x00000000033e557b sp=0x000000003f638640 mode 2


Dynamic libraries:
0x00007ff704c30000 - 0x00007ff704c61000 	C:\Program Files\Android\Android Studio\jre\bin\java.exe
0x00007fffacda0000 - 0x00007fffacf81000 	C:\WINDOWS\SYSTEM32\ntdll.dll
0x00007fffab000000 - 0x00007fffab0b2000 	C:\WINDOWS\System32\KERNEL32.DLL
0x00007fffa9e80000 - 0x00007fffaa0f3000 	C:\WINDOWS\System32\KERNELBASE.dll
0x00007fffacba0000 - 0x00007fffacc41000 	C:\WINDOWS\System32\ADVAPI32.dll
0x00007fffaae00000 - 0x00007fffaae9e000 	C:\WINDOWS\System32\msvcrt.dll
0x00007fffab620000 - 0x00007fffab67b000 	C:\WINDOWS\System32\sechost.dll
0x00007fffaa320000 - 0x00007fffaa444000 	C:\WINDOWS\System32\RPCRT4.dll
0x00007fffaaa30000 - 0x00007fffaabc0000 	C:\WINDOWS\System32\USER32.dll
0x00007fffa8f50000 - 0x00007fffa8f70000 	C:\WINDOWS\System32\win32u.dll
0x00007fffab590000 - 0x00007fffab5b8000 	C:\WINDOWS\System32\GDI32.dll
0x00007fffa9870000 - 0x00007fffa9a02000 	C:\WINDOWS\System32\gdi32full.dll
0x00007fffa9de0000 - 0x00007fffa9e7f000 	C:\WINDOWS\System32\msvcp_win.dll
0x00007fffaa100000 - 0x00007fffaa1fa000 	C:\WINDOWS\System32\ucrtbase.dll
0x00007fff98d30000 - 0x00007fff98f99000 	C:\WINDOWS\WinSxS\amd64_microsoft.windows.common-controls_6595b64144ccf1df_6.0.17134.228_none_fb4599993062b194\COMCTL32.dll
0x00007fffaa490000 - 0x00007fffaa7b3000 	C:\WINDOWS\System32\combase.dll
0x00007fffa9b70000 - 0x00007fffa9bea000 	C:\WINDOWS\System32\bcryptPrimitives.dll
0x00007fffaa450000 - 0x00007fffaa47d000 	C:\WINDOWS\System32\IMM32.DLL
0x0000000066a10000 - 0x0000000066ae2000 	C:\Program Files\Android\Android Studio\jre\jre\bin\msvcr100.dll
0x0000000066af0000 - 0x0000000067331000 	C:\Program Files\Android\Android Studio\jre\jre\bin\server\jvm.dll
0x00007fffaa480000 - 0x00007fffaa488000 	C:\WINDOWS\System32\PSAPI.DLL
0x00007fff9c560000 - 0x00007fff9c569000 	C:\WINDOWS\SYSTEM32\WSOCK32.dll
0x00007fffa6de0000 - 0x00007fffa6e03000 	C:\WINDOWS\SYSTEM32\WINMM.dll
0x00007fffaa7c0000 - 0x00007fffaa82c000 	C:\WINDOWS\System32\WS2_32.dll
0x00007fffa6d90000 - 0x00007fffa6dba000 	C:\WINDOWS\SYSTEM32\WINMMBASE.dll
0x00007fffa9a10000 - 0x00007fffa9a59000 	C:\WINDOWS\System32\cfgmgr32.dll
0x00007fffa01c0000 - 0x00007fffa01ca000 	C:\WINDOWS\SYSTEM32\VERSION.dll
0x00007fffa2fe0000 - 0x00007fffa2fef000 	C:\Program Files\Android\Android Studio\jre\jre\bin\verify.dll
0x00007fffa2a90000 - 0x00007fffa2ab9000 	C:\Program Files\Android\Android Studio\jre\jre\bin\java.dll
0x00007fffa26b0000 - 0x00007fffa26c6000 	C:\Program Files\Android\Android Studio\jre\jre\bin\zip.dll
0x00007fffab690000 - 0x00007fffacad0000 	C:\WINDOWS\System32\SHELL32.dll
0x00007fffaabc0000 - 0x00007fffaac69000 	C:\WINDOWS\System32\shcore.dll
0x00007fffa9160000 - 0x00007fffa986d000 	C:\WINDOWS\System32\windows.storage.dll
0x00007fffaa9d0000 - 0x00007fffaaa21000 	C:\WINDOWS\System32\shlwapi.dll
0x00007fffa8f00000 - 0x00007fffa8f11000 	C:\WINDOWS\System32\kernel.appcore.dll
0x00007fffa8f20000 - 0x00007fffa8f3f000 	C:\WINDOWS\System32\profapi.dll
0x00007fffa8eb0000 - 0x00007fffa8efc000 	C:\WINDOWS\System32\powrprof.dll
0x00007fffa8f40000 - 0x00007fffa8f4a000 	C:\WINDOWS\System32\FLTLIB.DLL
0x00007fffa2030000 - 0x00007fffa204a000 	C:\Program Files\Android\Android Studio\jre\jre\bin\net.dll
0x00007fffa86b0000 - 0x00007fffa8716000 	C:\WINDOWS\system32\mswsock.dll
0x00007fffa2010000 - 0x00007fffa2021000 	C:\Program Files\Android\Android Studio\jre\jre\bin\nio.dll
0x00007fffa1fd0000 - 0x00007fffa1fee000 	C:\Users\marcio.guilherme\.gradle\native\25\windows-amd64\native-platform.dll
0x00007fffa2a40000 - 0x00007fffa2a4d000 	C:\Program Files\Android\Android Studio\jre\jre\bin\management.dll
0x00007fffa8860000 - 0x00007fffa8877000 	C:\WINDOWS\SYSTEM32\CRYPTSP.dll
0x00007fffa8290000 - 0x00007fffa82c3000 	C:\WINDOWS\system32\rsaenh.dll
0x00007fffa89f0000 - 0x00007fffa8a15000 	C:\WINDOWS\SYSTEM32\bcrypt.dll
0x00007fffa8d90000 - 0x00007fffa8db8000 	C:\WINDOWS\SYSTEM32\USERENV.dll
0x00007fffa8880000 - 0x00007fffa888b000 	C:\WINDOWS\SYSTEM32\CRYPTBASE.dll
0x00007fffa8430000 - 0x00007fffa8468000 	C:\WINDOWS\SYSTEM32\IPHLPAPI.DLL
0x00007fffaac70000 - 0x00007fffaac78000 	C:\WINDOWS\System32\NSI.dll
0x00007fffa4e90000 - 0x00007fffa4ea6000 	C:\WINDOWS\SYSTEM32\dhcpcsvc6.DLL
0x00007fffa4800000 - 0x00007fffa481a000 	C:\WINDOWS\SYSTEM32\dhcpcsvc.DLL
0x00007fffa2790000 - 0x00007fffa27ae000 	C:\Users\marcio.guilherme\AppData\Local\Temp\native-platform3531179851093650219dir\native-platform.dll
0x00007fffa7f50000 - 0x00007fffa7f81000 	C:\WINDOWS\SYSTEM32\ntmarta.dll

VM Arguments:
jvm_args: -Xmx1536m -Dfile.encoding=windows-1252 -Duser.country=US -Duser.language=en -Duser.variant 
java_command: org.gradle.launcher.daemon.bootstrap.GradleDaemon 5.1.1
java_class_path (initial): C:\Users\marcio.guilherme\.gradle\wrapper\dists\gradle-5.1.1-all\97z1ksx6lirer3kbvdnh7jtjg\gradle-5.1.1\lib\gradle-launcher-5.1.1.jar
Launcher Type: SUN_STANDARD

Environment Variables:
PATH=C:\Program Files\Microsoft MPI\Bin\;C:\Program Files (x86)\Common Files\Oracle\Java\javapath;C:\ProgramData\Oracle\Java\javapath;C:\WINDOWS\system32;C:\WINDOWS;C:\WINDOWS\System32\Wbem;C:\WINDOWS\System32\WindowsPowerShell\v1.0\;C:\Program Files (x86)\Microsoft SQL Server\Client SDK\ODBC\130\Tools\Binn\;C:\Program Files (x86)\Microsoft SQL Server\130\Tools\Binn\;C:\Program Files (x86)\Microsoft SQL Server\130\DTS\Binn\;C:\Program Files (x86)\Microsoft SQL Server\130\Tools\Binn\ManagementStudio\;C:\Program Files\dotnet\;C:\Program Files (x86)\Symantec\VIP Access Client\;C:\WINDOWS\System32\OpenSSH\;C:\Program Files\Microsoft VS Code\bin;C:\Program Files\nodejs\;C:\Program Files (x86)\dotnet\;C:\Program Files (x86)\Microsoft SQL Server\140\DTS\Binn\;C:\Program Files\Microsoft SQL Server\140\DTS\Binn\;C:\Program Files\Microsoft SQL Server\Client SDK\ODBC\130\Tools\Binn\;C:\Program Files (x86)\Microsoft SQL Server\140\Tools\Binn\;C:\Program Files\Microsoft SQL Server\140\Tools\Binn\;C:\Program Files (x86)\Microsoft SQL Server\140\Tools\Binn\ManagementStudio\;C:\Program Files\Microsoft SQL Server\130\Tools\Binn\;C:\Program Files\Git\cmd;C:\Users\marcio.guilherme\AppData\Local\Microsoft\WindowsApps;C:\Users\marcio.guilherme\.dotnet\tools;C:\Users\marcio.guilherme\AppData\Local\Programs\Python\Python37-32\Scripts;C:\Users\marcio.guilherme\AppData\Local\Programs\Python\Python37-32;
USERNAME=marcio.guilherme
OS=Windows_NT
PROCESSOR_IDENTIFIER=Intel64 Family 6 Model 58 Stepping 9, GenuineIntel



---------------  S Y S T E M  ---------------

OS: Windows 10.0 , 64 bit Build 17134 (10.0.17134.1)

CPU:total 4 (initial active 4) (4 cores per cpu, 1 threads per core) family 6 model 58 stepping 9, cmov, cx8, fxsr, mmx, sse, sse2, sse3, ssse3, sse4.1, sse4.2, popcnt, avx, aes, clmul, erms, tsc, tscinvbit, tscinv

Memory: 4k page, physical 8260556k(313760k free), swap 33426380k(7604k free)

vm_info: OpenJDK 64-Bit Server VM (25.152-b01) for windows-amd64 JRE (1.8.0_152-release-1343-b01), built by "builder" with MS VC++ 10.0 (VS2010)

time: Fri Apr 26 11:46:52 2019
elapsed time: 5077 seconds (0d 1h 24m 37s)

